# JRE version: OpenJDK Runtime Environment Temurin-11.0.17+8 (11.0.17+8) (build 11.0.17+8)
# Java VM: OpenJDK 64-Bit Server VM Temurin-11.0.17+8 (11.0.17+8, mixed mode, tiered, compressed oops, g1 gc, windows-amd64)
Heap:
 garbage-first heap   total 260096K, used 157753K [0x00000000e0000000, 0x0000000100000000)
  region size 1024K, 20 young (20480K), 6 survivors (6144K)
 Metaspace       used 50234K, capacity 51794K, committed 51888K, reserved 1095680K
  class space    used 5550K, capacity 6142K, committed 6144K, reserved 1048576K
GC Heap History (20 events):
Event: 2.021 GC heap before
{Heap before GC invocations=1 (full 0):
 garbage-first heap   total 258048K, used 148191K [0x00000000e0000000, 0x0000000100000000)
  region size 1024K, 143 young (146432K), 3 survivors (3072K)
 Metaspace       used 20817K, capacity 21178K, committed 21296K, reserved 1069056K
  class space    used 2026K, capacity 2153K, committed 2176K, reserved 1048576K
}
Event: 2.027 GC heap after
{Heap after GC invocations=2 (full 0):
 garbage-first heap   total 258048K, used 18522K [0x00000000e0000000, 0x0000000100000000)
  region size 1024K, 16 young (16384K), 16 survivors (16384K)
 Metaspace       used 20817K, capacity 21178K, committed 21296K, reserved 1069056K
  class space    used 2026K, capacity 2153K, committed 2176K, reserved 1048576K
}
Event: 2.577 GC heap before
{Heap before GC invocations=3 (full 0):
 garbage-first heap   total 258048K, used 93274K [0x00000000e0000000, 0x0000000100000000)
  region size 1024K, 89 young (91136K), 16 survivors (16384K)
 Metaspace       used 21963K, capacity 22362K, committed 22704K, reserved 1069056K
  class space    used 2142K, capacity 2249K, committed 2304K, reserved 1048576K
}
Event: 2.584 GC heap after
{Heap after GC invocations=4 (full 0):
 garbage-first heap   total 258048K, used 21326K [0x00000000e0000000, 0x0000000100000000)
  region size 1024K, 3 young (3072K), 3 survivors (3072K)
 Metaspace       used 21963K, capacity 22362K, committed 22704K, reserved 1069056K
  class space    used 2142K, capacity 2249K, committed 2304K, reserved 1048576K
}
Event: 3.832 GC heap before
{Heap before GC invocations=4 (full 0):
 garbage-first heap   total 258048K, used 163662K [0x00000000e0000000, 0x0000000100000000)
  region size 1024K, 142 young (145408K), 3 survivors (3072K)
 Metaspace       used 26538K, capacity 27253K, committed 27312K, reserved 1073152K
  class space    used 2743K, capacity 3016K, committed 3072K, reserved 1048576K
}
Event: 3.836 GC heap after
{Heap after GC invocations=5 (full 0):
 garbage-first heap   total 258048K, used 27470K [0x00000000e0000000, 0x0000000100000000)
  region size 1024K, 9 young (9216K), 9 survivors (9216K)
 Metaspace       used 26538K, capacity 27253K, committed 27312K, reserved 1073152K
  class space    used 2743K, capacity 3016K, committed 3072K, reserved 1048576K
}
Event: 4.983 GC heap before
{Heap before GC invocations=5 (full 0):
 garbage-first heap   total 258048K, used 172878K [0x00000000e0000000, 0x0000000100000000)
  region size 1024K, 151 young (154624K), 9 survivors (9216K)
 Metaspace       used 30655K, capacity 31645K, committed 31792K, reserved 1077248K
  class space    used 3303K, capacity 3654K, committed 3712K, reserved 1048576K
}
Event: 4.990 GC heap after
{Heap after GC invocations=6 (full 0):
 garbage-first heap   total 258048K, used 34829K [0x00000000e0000000, 0x0000000100000000)
  region size 1024K, 17 young (17408K), 17 survivors (17408K)
 Metaspace       used 30655K, capacity 31645K, committed 31792K, reserved 1077248K
  class space    used 3303K, capacity 3654K, committed 3712K, reserved 1048576K
}
Event: 5.627 GC heap before
{Heap before GC invocations=6 (full 0):
 garbage-first heap   total 258048K, used 169997K [0x00000000e0000000, 0x0000000100000000)
  region size 1024K, 150 young (153600K), 17 survivors (17408K)
 Metaspace       used 34868K, capacity 35792K, committed 35888K, reserved 1081344K
  class space    used 3778K, capacity 4159K, committed 4224K, reserved 1048576K
}
Event: 5.645 GC heap after
{Heap after GC invocations=7 (full 0):
 garbage-first heap   total 258048K, used 40644K [0x00000000e0000000, 0x0000000100000000)
  region size 1024K, 14 young (14336K), 14 survivors (14336K)
 Metaspace       used 34868K, capacity 35792K, committed 35888K, reserved 1081344K
  class space    used 3778K, capacity 4159K, committed 4224K, reserved 1048576K
}
Event: 6.673 GC heap before
{Heap before GC invocations=8 (full 0):
 garbage-first heap   total 258048K, used 180932K [0x00000000e0000000, 0x0000000100000000)
  region size 1024K, 151 young (154624K), 14 survivors (14336K)
 Metaspace       used 37488K, capacity 38552K, committed 38832K, reserved 1083392K
  class space    used 4117K, capacity 4551K, committed 4608K, reserved 1048576K
}
Event: 6.679 GC heap after
{Heap after GC invocations=9 (full 0):
 garbage-first heap   total 258048K, used 47387K [0x00000000e0000000, 0x0000000100000000)
  region size 1024K, 13 young (13312K), 13 survivors (13312K)
 Metaspace       used 37488K, capacity 38552K, committed 38832K, reserved 1083392K
  class space    used 4117K, capacity 4551K, committed 4608K, reserved 1048576K
}
Event: 7.353 GC heap before
{Heap before GC invocations=9 (full 0):
 garbage-first heap   total 258048K, used 188699K [0x00000000e0000000, 0x0000000100000000)
  region size 1024K, 151 young (154624K), 13 survivors (13312K)
 Metaspace       used 39966K, capacity 41122K, committed 41264K, reserved 1085440K
  class space    used 4462K, capacity 4920K, committed 4992K, reserved 1048576K
}
Event: 7.357 GC heap after
{Heap after GC invocations=10 (full 0):
 garbage-first heap   total 258048K, used 52130K [0x00000000e0000000, 0x0000000100000000)
  region size 1024K, 11 young (11264K), 11 survivors (11264K)
 Metaspace       used 39966K, capacity 41122K, committed 41264K, reserved 1085440K
  class space    used 4462K, capacity 4920K, committed 4992K, reserved 1048576K
}
Event: 9.550 GC heap before
{Heap before GC invocations=10 (full 0):
 garbage-first heap   total 258048K, used 205730K [0x00000000e0000000, 0x0000000100000000)
  region size 1024K, 151 young (154624K), 11 survivors (11264K)
 Metaspace       used 43421K, capacity 44797K, committed 45104K, reserved 1089536K
  class space    used 4895K, capacity 5420K, committed 5504K, reserved 1048576K
}
Event: 9.555 GC heap after
{Heap after GC invocations=11 (full 0):
 garbage-first heap   total 258048K, used 68694K [0x00000000e0000000, 0x0000000100000000)
  region size 1024K, 17 young (17408K), 17 survivors (17408K)
 Metaspace       used 43421K, capacity 44797K, committed 45104K, reserved 1089536K
  class space    used 4895K, capacity 5420K, committed 5504K, reserved 1048576K
}
Event: 16.037 GC heap before
{Heap before GC invocations=11 (full 0):
 garbage-first heap   total 258048K, used 230486K [0x00000000e0000000, 0x0000000100000000)
  region size 1024K, 151 young (154624K), 17 survivors (17408K)
 Metaspace       used 49085K, capacity 50534K, committed 50864K, reserved 1093632K
  class space    used 5507K, capacity 6069K, committed 6144K, reserved 1048576K
}
Event: 16.047 GC heap after
{Heap after GC invocations=12 (full 0):
 garbage-first heap   total 260096K, used 104232K [0x00000000e0000000, 0x0000000100000000)
  region size 1024K, 18 young (18432K), 18 survivors (18432K)
 Metaspace       used 49085K, capacity 50534K, committed 50864K, reserved 1093632K
  class space    used 5507K, capacity 6069K, committed 6144K, reserved 1048576K
}
Event: 25.452 GC heap before
{Heap before GC invocations=12 (full 0):
 garbage-first heap   total 260096K, used 181032K [0x00000000e0000000, 0x0000000100000000)
  region size 1024K, 65 young (66560K), 18 survivors (18432K)
 Metaspace       used 50088K, capacity 51642K, committed 51888K, reserved 1095680K
  class space    used 5546K, capacity 6138K, committed 6144K, reserved 1048576K
}
Event: 25.459 GC heap after
{Heap after GC invocations=13 (full 0):
 garbage-first heap   total 260096K, used 139321K [0x00000000e0000000, 0x0000000100000000)
  region size 1024K, 6 young (6144K), 6 survivors (6144K)
 Metaspace       used 50088K, capacity 51642K, committed 51888K, reserved 1095680K
  class space    used 5546K, capacity 6138K, committed 6144K, reserved 1048576K
}

